#
# A fatal error has been detected by the Java Runtime Environment:
#
#  SIGSEGV (0xb) at pc=0x00007fff892df3ca, pid=26694, tid=3847
#
# JRE version: Java(TM) SE Runtime Environment (8.0_60-b21) (build 1.8.0_60-ea-b21)
# Java VM: Java HotSpot(TM) 64-Bit Server VM (25.60-b21 mixed mode bsd-amd64 compressed oops)
# Problematic frame:
# C  [libsystem_platform.dylib+0x13ca]  _platform_memmove$VARIANT$Nehalem+0x8a
#
# Failed to write core dump. Core dumps have been disabled. To enable core dumping, try "ulimit -c unlimited" before starting Java again
#
# If you would like to submit a bug report, please visit:
#   http://bugreport.java.com/bugreport/crash.jsp
# The crash happened outside the Java Virtual Machine in native code.
# See problematic frame for where to report the bug.
#

---------------  T H R E A D  ---------------

Current thread (0x00007fe793802800):  JavaThread "main" [_thread_in_native, id=3847, stack(0x0000000107989000,0x0000000107a89000)]

siginfo: si_signo: 11 (SIGSEGV), si_code: 1 (SEGV_MAPERR), si_addr: 0x0000000183fe6000

Registers:
RAX=0x0000000183fe6000, RBX=0x00007fe798b9d100, RCX=0x0000000000000010, RDX=0x0000000000000044
RSP=0x0000000107a839f0, RBP=0x0000000107a839f0, RSI=0x00007fe798b9d140, RDI=0x0000000183fe6010
R8 =0x0000000000000000, R9 =0x0000000000000005, R10=0x0000000058000011, R11=0xffff8019eb448ed0
R12=0x00007fe798b9d130, R13=0x00007fff787e28f8, R14=0x0000000000000054, R15=0x0000000183fe6000
RIP=0x00007fff892df3ca, EFLAGS=0x0000000000010206, ERR=0x0000000000000006
  TRAPNO=0x000000000000000e

Top of Stack: (sp=0x0000000107a839f0)
0x0000000107a839f0:   0000000107a83a30 00007fff90da758e
0x0000000107a83a00:   00007fe798b9d100 0000000000001000
0x0000000107a83a10:   0000000107a83ac0 00007fff77549070
0x0000000107a83a20:   0000000000000054 0000000107a83ad8
0x0000000107a83a30:   0000000107a83a60 00007fff9089e8e5
0x0000000107a83a40:   00007fe7924fbf70 00007fff78687c30
0x0000000107a83a50:   0000000107a83f50 00007fe798b9c8e0
0x0000000107a83a60:   0000000107a83f20 00007fff908bc049
0x0000000107a83a70:   0000000107a83aa0 00007fff90d4e9a0
0x0000000107a83a80:   0000000000000004 0000000000000004
0x0000000107a83a90:   00007fe7927a7fa0 0000000000000000
0x0000000107a83aa0:   0000000107a83bf0 00007fff90d3a4c8
0x0000000107a83ab0:   00007fe7927b1b10 0000000000000000
0x0000000107a83ac0:   00007fff786886e0 00007fe798b9d100
0x0000000107a83ad0:   ff80000000001001 0000000183fe6000
0x0000000107a83ae0:   0000000000001000 00007fff78687c30
0x0000000107a83af0:   746e6f465443534e 6f69746169726156
0x0000000107a83b00:   756269727474416e 0000000000006574
0x0000000107a83b10:   0000000000000000 0000000000000000
0x0000000107a83b20:   0000000000000000 0000000000000000
0x0000000107a83b30:   0000000000000000 0000000000000000
0x0000000107a83b40:   0000000000000000 0000000000000000
0x0000000107a83b50:   0000000000000000 0000000000000000
0x0000000107a83b60:   0000000000000000 0000000000000000
0x0000000107a83b70:   0000000000000000 0000000000000000
0x0000000107a83b80:   0000000000000000 0000000000000000
0x0000000107a83b90:   0000000000000000 0000000000000000
0x0000000107a83ba0:   0000000000000000 0000000000000000
0x0000000107a83bb0:   0000000000000000 0000000000000000
0x0000000107a83bc0:   0000000000000000 0000000000000000
0x0000000107a83bd0:   0000000000000000 0000000000000000
0x0000000107a83be0:   0000000000000000 0000000000000000 

Instructions: (pc=0x00007fff892df3ca)
0x00007fff892df3aa:   75 ee 5d c3 66 90 0f 10 06 48 83 c7 10 48 83 e7
0x00007fff892df3ba:   f0 48 89 f9 48 29 c1 48 01 ce 48 29 ca 0f 10 0e
0x00007fff892df3ca:   0f 11 00 0f 10 56 10 0f 10 5e 20 0f 10 66 30 48
0x00007fff892df3da:   83 c6 40 48 81 ea 80 00 00 00 76 6a 48 f7 c6 0f 

Register to memory mapping:

RAX=0x0000000183fe6000 is an unknown value
RBX=0x00007fe798b9d100 is an unknown value
RCX=0x0000000000000010 is an unknown value
RDX=0x0000000000000044 is an unknown value
RSP=0x0000000107a839f0 is pointing into the stack for thread: 0x00007fe793802800
RBP=0x0000000107a839f0 is pointing into the stack for thread: 0x00007fe793802800
RSI=0x00007fe798b9d140 is an unknown value
RDI=0x0000000183fe6010 is an unknown value
R8 =0x0000000000000000 is an unknown value
R9 =0x0000000000000005 is an unknown value
R10=0x0000000058000011 is an unknown value
R11=0xffff8019eb448ed0 is an unknown value
R12=0x00007fe798b9d130 is an unknown value
R13=0x00007fff787e28f8: OBJC_CLASS_$___NSCFData+0 in /System/Library/Frameworks/CoreFoundation.framework/Versions/A/CoreFoundation at 0x00007fff90d30000
R14=0x0000000000000054 is an unknown value
R15=0x0000000183fe6000 is an unknown value


Stack: [0x0000000107989000,0x0000000107a89000],  sp=0x0000000107a839f0,  free space=1002k
Native frames: (J=compiled Java code, j=interpreted, Vv=VM code, C=native code)
C  [libsystem_platform.dylib+0x13ca]  _platform_memmove$VARIANT$Nehalem+0x8a
C  [CoreFoundation+0x7758e]  CFDataGetBytes+0x8e
C  [libFontRegistry.dylib+0x18e5]  _ZN19TCFVMFlattenContextC2EPKv+0xdb
C  [libFontRegistry.dylib+0x1f049]  _ZNK22TGlobalFontRegistryImp20CopyPropertyForFontsEPK9__CFArrayPK10__CFStringRK17TFontQueryOptions+0x9d
C  [libFontRegistry.dylib+0x2a35]  XTCopyPropertyForFonts+0x73
C  [CoreText+0x7bec]  _ZNK9TBaseFont13CopyVariationEv+0xc6
C  [CoreText+0x6fad]  _ZNK9TBaseFont18CopyTraitsInternalEv+0x6f
C  [CoreText+0x6b24]  _ZNK9TBaseFont13CopyAttributeEm+0x1ea
C  [CoreText+0x64fe]  _ZNK11TDescriptor13CopyAttributeEPK10__CFString+0xb0
C  [CoreText+0x6423]  CTFontDescriptorCopyAttribute+0x5a
C  [UIFoundation+0x22fb7]  -[NSCTFontDescriptor objectForKey:]+0x15
C  [UIFoundation+0x22739]  -[NSFontDescriptor symbolicTraits]+0x1d
C  [UIFoundation+0x79b3e]  -[__NSFontTypefaceInfo _postscriptName]+0x156
C  [UIFoundation+0x78ea5]  +[__NSFontTypefaceInfo typefaceInfoForPostscriptName:options:]+0x398
C  [UIFoundation+0x7e6ca]  __NSFontFactoryWithName+0x86
C  [UIFoundation+0x7e59d]  +[NSFont fontWithName:size:]+0x2c
C  [libawt_lwawt.dylib+0x2436]  +[AWTFont awtFontForName:style:]+0x26
C  [libawt_lwawt.dylib+0x28bf]  Java_sun_font_CFont_createNativeFont+0x51
j  sun.font.CFont.createNativeFont(Ljava/lang/String;I)J+0
J 2116 C1 sun.font.CFont.getWidth()I (198 bytes) @ 0x0000000108126ffc [0x0000000108126d60+0x29c]
j  sun.font.FontFamily.preferredWidth(Lsun/font/Font2D;)Z+1
J 2126 C1 sun.font.FontFamily.setFont(Lsun/font/Font2D;I)V (337 bytes) @ 0x000000010813618c [0x0000000108134400+0x1d8c]
j  sun.font.CFontManager.registerGenericFont(Lsun/font/Font2D;Z)Lsun/font/Font2D;+129
J 2127 C1 sun.font.CFontManager.registerFont(Ljava/lang/String;Ljava/lang/String;)V (17 bytes) @ 0x0000000108131434 [0x00000001081311e0+0x254]
v  ~StubRoutines::call_stub
V  [libjvm.dylib+0x2e9a36]
V  [libjvm.dylib+0x320adf]
V  [libjvm.dylib+0x3133fd]
C  [JavaNativeFoundation+0x341e]  JNFCallVoidMethod+0xbb
C  [libawt_lwawt.dylib+0x21fb]  Java_sun_font_CFontManager_loadNativeFonts+0x2ba
j  sun.font.CFontManager.loadNativeFonts()V+0
j  sun.font.CFontManager.access$100(Lsun/font/CFontManager;)V+1
j  sun.font.CFontManager$3.run()Ljava/lang/Object;+14
v  ~StubRoutines::call_stub
V  [libjvm.dylib+0x2e9a36]
V  [libjvm.dylib+0x349f00]
J 1322  java.security.AccessController.doPrivileged(Ljava/security/PrivilegedAction;)Ljava/lang/Object; (0 bytes) @ 0x0000000107ee713f [0x0000000107ee7080+0xbf]
j  sun.font.CFontManager.loadFonts()V+19
j  sun.font.SunFontManager.findFont2D(Ljava/lang/String;II)Lsun/font/Font2D;+932
j  java.awt.Font.getFont2D()Lsun/font/Font2D;+86
j  java.awt.Font.access$000(Ljava/awt/Font;)Lsun/font/Font2D;+1
j  java.awt.Font$FontAccessImpl.getFont2D(Ljava/awt/Font;)Lsun/font/Font2D;+1
j  sun.font.FontUtilities.getFont2D(Ljava/awt/Font;)Lsun/font/Font2D;+4
j  sun.font.FontDesignMetrics.initMatrixAndMetrics()V+4
j  sun.font.FontDesignMetrics.<init>(Ljava/awt/Font;Ljava/awt/font/FontRenderContext;)V+62
j  sun.font.FontDesignMetrics.getMetrics(Ljava/awt/Font;Ljava/awt/font/FontRenderContext;)Lsun/font/FontDesignMetrics;+128
j  sun.java2d.SunGraphics2D.getFontMetrics(Ljava/awt/Font;)Ljava/awt/FontMetrics;+25
j  com.golden.gamedev.object.font.SystemFont.<init>(Ljava/awt/Font;Ljava/awt/Color;)V+26
j  com.golden.gamedev.object.font.SystemFont.<init>(Ljava/awt/Font;)V+3
j  edu.wpi.disco.game.gt.GTGame.<init>()V+37
j  edu.wpi.secrets.Secrets.<init>()V+1
j  java.lang.invoke.LambdaForm$DMH.newInvokeSpecial__L(Ljava/lang/Object;)Ljava/lang/Object;+15
j  java.lang.invoke.LambdaForm$BMH.reinvoke(Ljava/lang/Object;Ljava/lang/Object;)Ljava/lang/Object;+30
j  java.lang.invoke.LambdaForm$MH.exactInvoker(Ljava/lang/Object;Ljava/lang/Object;)Ljava/lang/Object;+42
j  java.lang.invoke.LambdaForm$MH.linkToCallSite(Ljava/lang/Object;Ljava/lang/Object;)Ljava/lang/Object;+10
j  jdk.nashorn.internal.scripts.Script$19$\^eval\_.:program(Ljdk/nashorn/internal/runtime/ScriptFunction;Ljava/lang/Object;)Ljava/lang/Object;+78
j  java.lang.invoke.LambdaForm$DMH.invokeStatic_LL_L(Ljava/lang/Object;Ljava/lang/Object;Ljava/lang/Object;)Ljava/lang/Object;+11
j  java.lang.invoke.LambdaForm$MH.invokeExact_MT(Ljava/lang/Object;Ljava/lang/Object;Ljava/lang/Object;Ljava/lang/Object;)Ljava/lang/Object;+17
j  jdk.nashorn.internal.runtime.ScriptFunctionData.invoke(Ljdk/nashorn/internal/runtime/ScriptFunction;Ljava/lang/Object;[Ljava/lang/Object;)Ljava/lang/Object;+141
j  jdk.nashorn.internal.runtime.ScriptFunction.invoke(Ljava/lang/Object;[Ljava/lang/Object;)Ljava/lang/Object;+21
j  jdk.nashorn.internal.runtime.ScriptRuntime.apply(Ljdk/nashorn/internal/runtime/ScriptFunction;Ljava/lang/Object;[Ljava/lang/Object;)Ljava/lang/Object;+3
j  jdk.nashorn.api.scripting.NashornScriptEngine.evalImpl(Ljdk/nashorn/internal/runtime/ScriptFunction;Ljavax/script/ScriptContext;Ljdk/nashorn/internal/objects/Global;)Ljava/lang/Object;+50
j  jdk.nashorn.api.scripting.NashornScriptEngine.evalImpl(Ljdk/nashorn/internal/runtime/ScriptFunction;Ljavax/script/ScriptContext;)Ljava/lang/Object;+8
j  jdk.nashorn.api.scripting.NashornScriptEngine.evalImpl(Ljdk/nashorn/internal/runtime/Source;Ljavax/script/ScriptContext;)Ljava/lang/Object;+8
j  jdk.nashorn.api.scripting.NashornScriptEngine.eval(Ljava/lang/String;Ljavax/script/ScriptContext;)Ljava/lang/Object;+7
j  javax.script.AbstractScriptEngine.eval(Ljava/lang/String;)Ljava/lang/Object;+6
j  edu.wpi.cetask.ScriptEngineWrapper$JSR_223.eval(Ljava/lang/String;)Ljava/lang/Object;+5
j  edu.wpi.cetask.TaskEngine.eval(Ljava/lang/String;Ljava/lang/String;)Ljava/lang/Object;+5
j  edu.wpi.cetask.Shell.eval(Ljava/lang/String;)V+22
v  ~StubRoutines::call_stub
V  [libjvm.dylib+0x2e9a36]
V  [libjvm.dylib+0x4c9e80]
V  [libjvm.dylib+0x4ca3b4]
V  [libjvm.dylib+0x341be8]
j  sun.reflect.NativeMethodAccessorImpl.invoke0(Ljava/lang/reflect/Method;Ljava/lang/Object;[Ljava/lang/Object;)Ljava/lang/Object;+0
j  sun.reflect.NativeMethodAccessorImpl.invoke(Ljava/lang/Object;[Ljava/lang/Object;)Ljava/lang/Object;+100
j  sun.reflect.DelegatingMethodAccessorImpl.invoke(Ljava/lang/Object;[Ljava/lang/Object;)Ljava/lang/Object;+6
j  java.lang.reflect.Method.invoke(Ljava/lang/Object;[Ljava/lang/Object;)Ljava/lang/Object;+56
j  sun.reflect.misc.Trampoline.invoke(Ljava/lang/reflect/Method;Ljava/lang/Object;[Ljava/lang/Object;)Ljava/lang/Object;+7
v  ~StubRoutines::call_stub
V  [libjvm.dylib+0x2e9a36]
V  [libjvm.dylib+0x4c9e80]
V  [libjvm.dylib+0x4ca3b4]
V  [libjvm.dylib+0x341be8]
j  sun.reflect.NativeMethodAccessorImpl.invoke0(Ljava/lang/reflect/Method;Ljava/lang/Object;[Ljava/lang/Object;)Ljava/lang/Object;+0
j  sun.reflect.NativeMethodAccessorImpl.invoke(Ljava/lang/Object;[Ljava/lang/Object;)Ljava/lang/Object;+100
j  sun.reflect.DelegatingMethodAccessorImpl.invoke(Ljava/lang/Object;[Ljava/lang/Object;)Ljava/lang/Object;+6
j  java.lang.reflect.Method.invoke(Ljava/lang/Object;[Ljava/lang/Object;)Ljava/lang/Object;+56
j  sun.reflect.misc.MethodUtil.invoke(Ljava/lang/reflect/Method;Ljava/lang/Object;[Ljava/lang/Object;)Ljava/lang/Object;+20
j  java.beans.Statement.invokeInternal()Ljava/lang/Object;+439
j  java.beans.Statement.access$000(Ljava/beans/Statement;)Ljava/lang/Object;+1
j  java.beans.Statement$2.run()Ljava/lang/Object;+4
v  ~StubRoutines::call_stub
V  [libjvm.dylib+0x2e9a36]
V  [libjvm.dylib+0x349f00]
J 230  java.security.AccessController.doPrivileged(Ljava/security/PrivilegedExceptionAction;Ljava/security/AccessControlContext;)Ljava/lang/Object; (0 bytes) @ 0x0000000107c84dd5 [0x0000000107c84d00+0xd5]
j  java.beans.Statement.invoke()Ljava/lang/Object;+34
j  java.beans.Statement.execute()V+1
j  edu.wpi.cetask.Shell.processCommand(Ljava/lang/String;)V+102
j  edu.wpi.cetask.Shell.processLine()V+207
...<more frames>...

Java frames: (J=compiled Java code, j=interpreted, Vv=VM code)
j  sun.font.CFont.createNativeFont(Ljava/lang/String;I)J+0
J 2116 C1 sun.font.CFont.getWidth()I (198 bytes) @ 0x0000000108126ffc [0x0000000108126d60+0x29c]
j  sun.font.FontFamily.preferredWidth(Lsun/font/Font2D;)Z+1
J 2126 C1 sun.font.FontFamily.setFont(Lsun/font/Font2D;I)V (337 bytes) @ 0x000000010813618c [0x0000000108134400+0x1d8c]
j  sun.font.CFontManager.registerGenericFont(Lsun/font/Font2D;Z)Lsun/font/Font2D;+129
J 2127 C1 sun.font.CFontManager.registerFont(Ljava/lang/String;Ljava/lang/String;)V (17 bytes) @ 0x0000000108131434 [0x00000001081311e0+0x254]
v  ~StubRoutines::call_stub
j  sun.font.CFontManager.loadNativeFonts()V+0
j  sun.font.CFontManager.access$100(Lsun/font/CFontManager;)V+1
j  sun.font.CFontManager$3.run()Ljava/lang/Object;+14
v  ~StubRoutines::call_stub
J 1322  java.security.AccessController.doPrivileged(Ljava/security/PrivilegedAction;)Ljava/lang/Object; (0 bytes) @ 0x0000000107ee70cf [0x0000000107ee7080+0x4f]
j  sun.font.CFontManager.loadFonts()V+19
j  sun.font.SunFontManager.findFont2D(Ljava/lang/String;II)Lsun/font/Font2D;+932
j  java.awt.Font.getFont2D()Lsun/font/Font2D;+86
j  java.awt.Font.access$000(Ljava/awt/Font;)Lsun/font/Font2D;+1
j  java.awt.Font$FontAccessImpl.getFont2D(Ljava/awt/Font;)Lsun/font/Font2D;+1
j  sun.font.FontUtilities.getFont2D(Ljava/awt/Font;)Lsun/font/Font2D;+4
j  sun.font.FontDesignMetrics.initMatrixAndMetrics()V+4
j  sun.font.FontDesignMetrics.<init>(Ljava/awt/Font;Ljava/awt/font/FontRenderContext;)V+62
j  sun.font.FontDesignMetrics.getMetrics(Ljava/awt/Font;Ljava/awt/font/FontRenderContext;)Lsun/font/FontDesignMetrics;+128
j  sun.java2d.SunGraphics2D.getFontMetrics(Ljava/awt/Font;)Ljava/awt/FontMetrics;+25
j  com.golden.gamedev.object.font.SystemFont.<init>(Ljava/awt/Font;Ljava/awt/Color;)V+26
j  com.golden.gamedev.object.font.SystemFont.<init>(Ljava/awt/Font;)V+3
j  edu.wpi.disco.game.gt.GTGame.<init>()V+37
j  edu.wpi.secrets.Secrets.<init>()V+1
j  java.lang.invoke.LambdaForm$DMH.newInvokeSpecial__L(Ljava/lang/Object;)Ljava/lang/Object;+15
j  java.lang.invoke.LambdaForm$BMH.reinvoke(Ljava/lang/Object;Ljava/lang/Object;)Ljava/lang/Object;+30
j  java.lang.invoke.LambdaForm$MH.exactInvoker(Ljava/lang/Object;Ljava/lang/Object;)Ljava/lang/Object;+42
j  java.lang.invoke.LambdaForm$MH.linkToCallSite(Ljava/lang/Object;Ljava/lang/Object;)Ljava/lang/Object;+10
j  jdk.nashorn.internal.scripts.Script$19$\^eval\_.:program(Ljdk/nashorn/internal/runtime/ScriptFunction;Ljava/lang/Object;)Ljava/lang/Object;+78
j  java.lang.invoke.LambdaForm$DMH.invokeStatic_LL_L(Ljava/lang/Object;Ljava/lang/Object;Ljava/lang/Object;)Ljava/lang/Object;+11
j  java.lang.invoke.LambdaForm$MH.invokeExact_MT(Ljava/lang/Object;Ljava/lang/Object;Ljava/lang/Object;Ljava/lang/Object;)Ljava/lang/Object;+17
j  jdk.nashorn.internal.runtime.ScriptFunctionData.invoke(Ljdk/nashorn/internal/runtime/ScriptFunction;Ljava/lang/Object;[Ljava/lang/Object;)Ljava/lang/Object;+141
j  jdk.nashorn.internal.runtime.ScriptFunction.invoke(Ljava/lang/Object;[Ljava/lang/Object;)Ljava/lang/Object;+21
j  jdk.nashorn.internal.runtime.ScriptRuntime.apply(Ljdk/nashorn/internal/runtime/ScriptFunction;Ljava/lang/Object;[Ljava/lang/Object;)Ljava/lang/Object;+3
j  jdk.nashorn.api.scripting.NashornScriptEngine.evalImpl(Ljdk/nashorn/internal/runtime/ScriptFunction;Ljavax/script/ScriptContext;Ljdk/nashorn/internal/objects/Global;)Ljava/lang/Object;+50
j  jdk.nashorn.api.scripting.NashornScriptEngine.evalImpl(Ljdk/nashorn/internal/runtime/ScriptFunction;Ljavax/script/ScriptContext;)Ljava/lang/Object;+8
j  jdk.nashorn.api.scripting.NashornScriptEngine.evalImpl(Ljdk/nashorn/internal/runtime/Source;Ljavax/script/ScriptContext;)Ljava/lang/Object;+8
j  jdk.nashorn.api.scripting.NashornScriptEngine.eval(Ljava/lang/String;Ljavax/script/ScriptContext;)Ljava/lang/Object;+7
j  javax.script.AbstractScriptEngine.eval(Ljava/lang/String;)Ljava/lang/Object;+6
j  edu.wpi.cetask.ScriptEngineWrapper$JSR_223.eval(Ljava/lang/String;)Ljava/lang/Object;+5
j  edu.wpi.cetask.TaskEngine.eval(Ljava/lang/String;Ljava/lang/String;)Ljava/lang/Object;+5
j  edu.wpi.cetask.Shell.eval(Ljava/lang/String;)V+22
v  ~StubRoutines::call_stub
j  sun.reflect.NativeMethodAccessorImpl.invoke0(Ljava/lang/reflect/Method;Ljava/lang/Object;[Ljava/lang/Object;)Ljava/lang/Object;+0
j  sun.reflect.NativeMethodAccessorImpl.invoke(Ljava/lang/Object;[Ljava/lang/Object;)Ljava/lang/Object;+100
j  sun.reflect.DelegatingMethodAccessorImpl.invoke(Ljava/lang/Object;[Ljava/lang/Object;)Ljava/lang/Object;+6
j  java.lang.reflect.Method.invoke(Ljava/lang/Object;[Ljava/lang/Object;)Ljava/lang/Object;+56
j  sun.reflect.misc.Trampoline.invoke(Ljava/lang/reflect/Method;Ljava/lang/Object;[Ljava/lang/Object;)Ljava/lang/Object;+7
v  ~StubRoutines::call_stub
j  sun.reflect.NativeMethodAccessorImpl.invoke0(Ljava/lang/reflect/Method;Ljava/lang/Object;[Ljava/lang/Object;)Ljava/lang/Object;+0
j  sun.reflect.NativeMethodAccessorImpl.invoke(Ljava/lang/Object;[Ljava/lang/Object;)Ljava/lang/Object;+100
j  sun.reflect.DelegatingMethodAccessorImpl.invoke(Ljava/lang/Object;[Ljava/lang/Object;)Ljava/lang/Object;+6
j  java.lang.reflect.Method.invoke(Ljava/lang/Object;[Ljava/lang/Object;)Ljava/lang/Object;+56
j  sun.reflect.misc.MethodUtil.invoke(Ljava/lang/reflect/Method;Ljava/lang/Object;[Ljava/lang/Object;)Ljava/lang/Object;+20
j  java.beans.Statement.invokeInternal()Ljava/lang/Object;+439
j  java.beans.Statement.access$000(Ljava/beans/Statement;)Ljava/lang/Object;+1
j  java.beans.Statement$2.run()Ljava/lang/Object;+4
v  ~StubRoutines::call_stub
J 230  java.security.AccessController.doPrivileged(Ljava/security/PrivilegedExceptionAction;Ljava/security/AccessControlContext;)Ljava/lang/Object; (0 bytes) @ 0x0000000107c84d63 [0x0000000107c84d00+0x63]
j  java.beans.Statement.invoke()Ljava/lang/Object;+34
j  java.beans.Statement.execute()V+1
j  edu.wpi.cetask.Shell.processCommand(Ljava/lang/String;)V+102
j  edu.wpi.cetask.Shell.processLine()V+207
j  edu.wpi.disco.Console.respond(Ledu/wpi/disco/Interaction;)V+6
j  edu.wpi.disco.game.NWayInteraction.run()V+158
j  edu.wpi.disco.game.GameConsole.main([Ljava/lang/String;)V+54
j  edu.wpi.secrets.Secrets$Console.main([Ljava/lang/String;)V+9
v  ~StubRoutines::call_stub

---------------  P R O C E S S  ---------------

Java Threads: ( => current thread )
  0x00007fe793b3c800 JavaThread "Java2D Disposer" daemon [_thread_blocked, id=55563, stack(0x0000000183bd2000,0x0000000183cd2000)]
  0x00007fe794306000 JavaThread "Java2D Queue Flusher" daemon [_thread_blocked, id=51983, stack(0x00000001832bf000,0x00000001833bf000)]
  0x00007fe7933ee800 JavaThread "AWT-Shutdown" [_thread_blocked, id=30483, stack(0x00000001807ba000,0x00000001808ba000)]
  0x00007fe793b20000 JavaThread "AppKit Thread" daemon [_thread_in_native, id=8207, stack(0x00007fff59b18000,0x00007fff5a318000)]
  0x00007fe79402e800 JavaThread "Service Thread" daemon [_thread_blocked, id=20739, stack(0x000000017d3fc000,0x000000017d4fc000)]
  0x00007fe79402b800 JavaThread "C1 CompilerThread3" daemon [_thread_blocked, id=20227, stack(0x000000017d2f9000,0x000000017d3f9000)]
  0x00007fe79402b000 JavaThread "C2 CompilerThread2" daemon [_thread_blocked, id=19715, stack(0x000000017d1f6000,0x000000017d2f6000)]
  0x00007fe79402a000 JavaThread "C2 CompilerThread1" daemon [_thread_blocked, id=19203, stack(0x000000017d0f3000,0x000000017d1f3000)]
  0x00007fe793835000 JavaThread "C2 CompilerThread0" daemon [_thread_blocked, id=18691, stack(0x000000017cff0000,0x000000017d0f0000)]
  0x00007fe79400a800 JavaThread "Signal Dispatcher" daemon [_thread_blocked, id=15379, stack(0x000000017ceed000,0x000000017cfed000)]
  0x00007fe792810800 JavaThread "Finalizer" daemon [_thread_blocked, id=13571, stack(0x000000017b4ce000,0x000000017b5ce000)]
  0x00007fe793829800 JavaThread "Reference Handler" daemon [_thread_blocked, id=13059, stack(0x000000017b3cb000,0x000000017b4cb000)]
=>0x00007fe793802800 JavaThread "main" [_thread_in_native, id=3847, stack(0x0000000107989000,0x0000000107a89000)]

Other Threads:
  0x00007fe793827000 VMThread [stack: 0x000000017b2c8000,0x000000017b3c8000] [id=12547]
  0x00007fe79281e000 WatcherThread [stack: 0x000000017d517000,0x000000017d617000] [id=21251]

VM state:not at safepoint (normal execution)

VM Mutex/Monitor currently owned by a thread: None

Heap:
 PSYoungGen      total 71680K, used 43037K [0x000000012c780000, 0x0000000131280000, 0x0000000137200000)
  eden space 66560K, 59% used [0x000000012c780000,0x000000012ee37570,0x0000000130880000)
  from space 5120K, 66% used [0x0000000130d80000,0x00000001310d0070,0x0000000131280000)
  to   space 5120K, 0% used [0x0000000130880000,0x0000000130880000,0x0000000130d80000)
 ParOldGen       total 87552K, used 463K [0x0000000117200000, 0x000000011c780000, 0x000000012c780000)
  object space 87552K, 0% used [0x0000000117200000,0x0000000117273f80,0x000000011c780000)
 Metaspace       used 18987K, capacity 19672K, committed 19968K, reserved 1067008K
  class space    used 2403K, capacity 2740K, committed 2816K, reserved 1048576K

Card table byte_map: [0x0000000116e9f000,0x0000000116fa0000] byte_map_base: 0x00000001165e6000

Marking Bits: (ParMarkBitMap*) 0x00000001072ddd80
 Begin Bits: [0x0000000137ac3000, 0x00000001382c3000)
 End Bits:   [0x00000001382c3000, 0x0000000138ac3000)

Polling page: 0x00000001059fe000

CodeCache: size=245760Kb used=6492Kb max_used=6505Kb free=239267Kb
 bounds [0x0000000107adf000, 0x000000010813f000, 0x0000000116adf000]
 total_blobs=2639 nmethods=2130 adapters=421
 compilation: enabled

Compilation events (10 events):
Event: 2.076 Thread 0x00007fe79402b800 2125       3       sun.font.Font2D::<init> (38 bytes)
Event: 2.076 Thread 0x00007fe79402b800 nmethod 2125 0x0000000108131690 code [0x0000000108131840, 0x0000000108131e10]
Event: 2.076 Thread 0x00007fe79402b800 2126       3       sun.font.FontFamily::setFont (337 bytes)
Event: 2.078 Thread 0x00007fe79402b800 nmethod 2126 0x0000000108133e50 code [0x0000000108134400, 0x0000000108137ca8]
Event: 2.081 Thread 0x00007fe79402b800 2127       3       sun.font.CFontManager::registerFont (17 bytes)
Event: 2.082 Thread 0x00007fe79402b800 nmethod 2127 0x0000000108131050 code [0x00000001081311e0, 0x0000000108131578]
Event: 2.082 Thread 0x00007fe79402b800 2128       3       sun.font.CFont::<init> (49 bytes)
Event: 2.082 Thread 0x00007fe79402b800 nmethod 2128 0x00000001081306d0 code [0x0000000108130880, 0x0000000108130e18]
Event: 2.093 Thread 0x00007fe79402a000 2130       4       java.lang.String::toLowerCase (439 bytes)
Event: 2.102 Thread 0x00007fe79402a000 nmethod 2130 0x000000010813b1d0 code [0x000000010813b3a0, 0x000000010813bbb8]

GC Heap History (8 events):
Event: 0.757 GC heap before
{Heap before GC invocations=1 (full 0):
 PSYoungGen      total 38400K, used 33280K [0x000000012c780000, 0x000000012f200000, 0x0000000137200000)
  eden space 33280K, 100% used [0x000000012c780000,0x000000012e800000,0x000000012e800000)
  from space 5120K, 0% used [0x000000012ed00000,0x000000012ed00000,0x000000012f200000)
  to   space 5120K, 0% used [0x000000012e800000,0x000000012e800000,0x000000012ed00000)
 ParOldGen       total 87552K, used 0K [0x0000000117200000, 0x000000011c780000, 0x000000012c780000)
  object space 87552K, 0% used [0x0000000117200000,0x0000000117200000,0x000000011c780000)
 Metaspace       used 11727K, capacity 12210K, committed 12288K, reserved 1060864K
  class space    used 1509K, capacity 1769K, committed 1792K, reserved 1048576K
Event: 0.763 GC heap after
Heap after GC invocations=1 (full 0):
 PSYoungGen      total 38400K, used 5094K [0x000000012c780000, 0x000000012f200000, 0x0000000137200000)
  eden space 33280K, 0% used [0x000000012c780000,0x000000012c780000,0x000000012e800000)
  from space 5120K, 99% used [0x000000012e800000,0x000000012ecf9958,0x000000012ed00000)
  to   space 5120K, 0% used [0x000000012ed00000,0x000000012ed00000,0x000000012f200000)
 ParOldGen       total 87552K, used 439K [0x0000000117200000, 0x000000011c780000, 0x000000012c780000)
  object space 87552K, 0% used [0x0000000117200000,0x000000011726df80,0x000000011c780000)
 Metaspace       used 11727K, capacity 12210K, committed 12288K, reserved 1060864K
  class space    used 1509K, capacity 1769K, committed 1792K, reserved 1048576K
}
Event: 1.041 GC heap before
{Heap before GC invocations=2 (full 0):
 PSYoungGen      total 38400K, used 38374K [0x000000012c780000, 0x000000012f200000, 0x0000000137200000)
  eden space 33280K, 100% used [0x000000012c780000,0x000000012e800000,0x000000012e800000)
  from space 5120K, 99% used [0x000000012e800000,0x000000012ecf9958,0x000000012ed00000)
  to   space 5120K, 0% used [0x000000012ed00000,0x000000012ed00000,0x000000012f200000)
 ParOldGen       total 87552K, used 439K [0x0000000117200000, 0x000000011c780000, 0x000000012c780000)
  object space 87552K, 0% used [0x0000000117200000,0x000000011726df80,0x000000011c780000)
 Metaspace       used 15522K, capacity 16074K, committed 16128K, reserved 1062912K
  class space    used 2001K, capacity 2259K, committed 2304K, reserved 1048576K
Event: 1.046 GC heap after
Heap after GC invocations=2 (full 0):
 PSYoungGen      total 38400K, used 4878K [0x000000012c780000, 0x0000000131280000, 0x0000000137200000)
  eden space 33280K, 0% used [0x000000012c780000,0x000000012c780000,0x000000012e800000)
  from space 5120K, 95% used [0x000000012ed00000,0x000000012f1c3a58,0x000000012f200000)
  to   space 5120K, 0% used [0x000000012e800000,0x000000012e800000,0x000000012ed00000)
 ParOldGen       total 87552K, used 447K [0x0000000117200000, 0x000000011c780000, 0x000000012c780000)
  object space 87552K, 0% used [0x0000000117200000,0x000000011726ff80,0x000000011c780000)
 Metaspace       used 15522K, capacity 16074K, committed 16128K, reserved 1062912K
  class space    used 2001K, capacity 2259K, committed 2304K, reserved 1048576K
}
Event: 1.119 GC heap before
{Heap before GC invocations=3 (full 0):
 PSYoungGen      total 38400K, used 38158K [0x000000012c780000, 0x0000000131280000, 0x0000000137200000)
  eden space 33280K, 100% used [0x000000012c780000,0x000000012e800000,0x000000012e800000)
  from space 5120K, 95% used [0x000000012ed00000,0x000000012f1c3a58,0x000000012f200000)
  to   space 5120K, 0% used [0x000000012e800000,0x000000012e800000,0x000000012ed00000)
 ParOldGen       total 87552K, used 447K [0x0000000117200000, 0x000000011c780000, 0x000000012c780000)
  object space 87552K, 0% used [0x0000000117200000,0x000000011726ff80,0x000000011c780000)
 Metaspace       used 15727K, capacity 16282K, committed 16512K, reserved 1062912K
  class space    used 2014K, capacity 2307K, committed 2432K, reserved 1048576K
Event: 1.123 GC heap after
Heap after GC invocations=3 (full 0):
 PSYoungGen      total 38400K, used 3296K [0x000000012c780000, 0x0000000131280000, 0x0000000137200000)
  eden space 33280K, 0% used [0x000000012c780000,0x000000012c780000,0x000000012e800000)
  from space 5120K, 64% used [0x000000012e800000,0x000000012eb38040,0x000000012ed00000)
  to   space 5120K, 0% used [0x0000000130d80000,0x0000000130d80000,0x0000000131280000)
 ParOldGen       total 87552K, used 455K [0x0000000117200000, 0x000000011c780000, 0x000000012c780000)
  object space 87552K, 0% used [0x0000000117200000,0x0000000117271f80,0x000000011c780000)
 Metaspace       used 15727K, capacity 16282K, committed 16512K, reserved 1062912K
  class space    used 2014K, capacity 2307K, committed 2432K, reserved 1048576K
}
Event: 1.166 GC heap before
{Heap before GC invocations=4 (full 0):
 PSYoungGen      total 38400K, used 36576K [0x000000012c780000, 0x0000000131280000, 0x0000000137200000)
  eden space 33280K, 100% used [0x000000012c780000,0x000000012e800000,0x000000012e800000)
  from space 5120K, 64% used [0x000000012e800000,0x000000012eb38040,0x000000012ed00000)
  to   space 5120K, 0% used [0x0000000130d80000,0x0000000130d80000,0x0000000131280000)
 ParOldGen       total 87552K, used 455K [0x0000000117200000, 0x000000011c780000, 0x000000012c780000)
  object space 87552K, 0% used [0x0000000117200000,0x0000000117271f80,0x000000011c780000)
 Metaspace       used 15837K, capacity 16486K, committed 16768K, reserved 1062912K
  class space    used 2020K, capacity 2311K, committed 2432K, reserved 1048576K
Event: 1.170 GC heap after
Heap after GC invocations=4 (full 0):
 PSYoungGen      total 71680K, used 3392K [0x000000012c780000, 0x0000000131280000, 0x0000000137200000)
  eden space 66560K, 0% used [0x000000012c780000,0x000000012c780000,0x0000000130880000)
  from space 5120K, 66% used [0x0000000130d80000,0x00000001310d0070,0x0000000131280000)
  to   space 5120K, 0% used [0x0000000130880000,0x0000000130880000,0x0000000130d80000)
 ParOldGen       total 87552K, used 463K [0x0000000117200000, 0x000000011c780000, 0x000000012c780000)
  object space 87552K, 0% used [0x0000000117200000,0x0000000117273f80,0x000000011c780000)
 Metaspace       used 15837K, capacity 16486K, committed 16768K, reserved 1062912K
  class space    used 2020K, capacity 2311K, committed 2432K, reserved 1048576K
}

Deoptimization events (10 events):
Event: 1.078 Thread 0x00007fe793802800 Uncommon trap: reason=class_check action=maybe_recompile pc=0x0000000107ed45b8 method=java.util.concurrent.ConcurrentHashMap.get(Ljava/lang/Object;)Ljava/lang/Object; @ 149
Event: 1.083 Thread 0x00007fe793802800 Uncommon trap: reason=class_check action=maybe_recompile pc=0x0000000107ed45b8 method=java.util.concurrent.ConcurrentHashMap.get(Ljava/lang/Object;)Ljava/lang/Object; @ 149
Event: 1.145 Thread 0x00007fe793802800 Uncommon trap: reason=class_check action=maybe_recompile pc=0x0000000107ed45b8 method=java.util.concurrent.ConcurrentHashMap.get(Ljava/lang/Object;)Ljava/lang/Object; @ 149
Event: 1.200 Thread 0x00007fe793802800 Uncommon trap: reason=class_check action=maybe_recompile pc=0x0000000108053fb4 method=com.sun.org.apache.xml.internal.dtm.ref.dom2dtm.DOM2DTM.nextNode()Z @ 223
Event: 1.201 Thread 0x00007fe793802800 Uncommon trap: reason=class_check action=maybe_recompile pc=0x0000000108053fb4 method=com.sun.org.apache.xml.internal.dtm.ref.dom2dtm.DOM2DTM.nextNode()Z @ 223
Event: 1.221 Thread 0x00007fe793802800 Uncommon trap: reason=unstable_if action=reinterpret pc=0x0000000108032864 method=com.sun.org.apache.xerces.internal.dom.ElementImpl.getAttributes()Lorg/w3c/dom/NamedNodeMap; @ 15
Event: 1.221 Thread 0x00007fe793802800 Uncommon trap: reason=unstable_if action=reinterpret pc=0x000000010802640c method=com.sun.org.apache.xerces.internal.dom.ElementNSImpl.getNamespaceURI()Ljava/lang/String; @ 4
Event: 1.222 Thread 0x00007fe793802800 Uncommon trap: reason=class_check action=maybe_recompile pc=0x0000000108053fb4 method=com.sun.org.apache.xml.internal.dtm.ref.dom2dtm.DOM2DTM.nextNode()Z @ 223
Event: 1.222 Thread 0x00007fe793802800 Uncommon trap: reason=class_check action=maybe_recompile pc=0x0000000108053fb4 method=com.sun.org.apache.xml.internal.dtm.ref.dom2dtm.DOM2DTM.nextNode()Z @ 223
Event: 1.546 Thread 0x00007fe793b20000 Uncommon trap: reason=unstable_if action=reinterpret pc=0x0000000107e8b54c method=sun.invoke.util.VerifyAccess.isSamePackage(Ljava/lang/Class;Ljava/lang/Class;)Z @ 101

Internal exceptions (10 events):
Event: 0.515 Thread 0x00007fe793802800 Exception <a 'java/lang/NoSuchFieldError': method resolution failed> (0x000000012dc5edd8) thrown at [/Users/java_re/workspace/8-2-build-macosx-x86_64/jdk8u60/4071.nc/hotspot/src/share/vm/prims/methodHandles.cpp, line 1146]
Event: 0.516 Thread 0x00007fe793802800 Exception <a 'java/lang/NoSuchFieldError': method resolution failed> (0x000000012dc6c4c8) thrown at [/Users/java_re/workspace/8-2-build-macosx-x86_64/jdk8u60/4071.nc/hotspot/src/share/vm/prims/methodHandles.cpp, line 1146]
Event: 0.940 Thread 0x00007fe793802800 Exception <a 'java/io/FileNotFoundException'> (0x000000012cf5eb18) thrown at [/Users/java_re/workspace/8-2-build-macosx-x86_64/jdk8u60/4071.nc/hotspot/src/share/vm/prims/jni.cpp, line 709]
Event: 0.940 Thread 0x00007fe793802800 Exception <a 'java/io/FileNotFoundException'> (0x000000012cf65d10) thrown at [/Users/java_re/workspace/8-2-build-macosx-x86_64/jdk8u60/4071.nc/hotspot/src/share/vm/prims/jni.cpp, line 709]
Event: 1.220 Thread 0x00007fe793802800 Exception <a 'java/io/FileNotFoundException'> (0x000000012e7ee1f0) thrown at [/Users/java_re/workspace/8-2-build-macosx-x86_64/jdk8u60/4071.nc/hotspot/src/share/vm/prims/jni.cpp, line 709]
Event: 1.220 Thread 0x00007fe793802800 Exception <a 'java/io/FileNotFoundException'> (0x000000012e7f4588) thrown at [/Users/java_re/workspace/8-2-build-macosx-x86_64/jdk8u60/4071.nc/hotspot/src/share/vm/prims/jni.cpp, line 709]
Event: 1.220 Thread 0x00007fe793802800 Exception <a 'java/io/FileNotFoundException'> (0x000000012e7fb060) thrown at [/Users/java_re/workspace/8-2-build-macosx-x86_64/jdk8u60/4071.nc/hotspot/src/share/vm/prims/jni.cpp, line 709]
Event: 1.221 Thread 0x00007fe793802800 Exception <a 'java/io/FileNotFoundException'> (0x000000012e801fc0) thrown at [/Users/java_re/workspace/8-2-build-macosx-x86_64/jdk8u60/4071.nc/hotspot/src/share/vm/prims/jni.cpp, line 709]
Event: 1.390 Thread 0x00007fe793802800 Exception <a 'java/io/FileNotFoundException'> (0x000000012ec185d8) thrown at [/Users/java_re/workspace/8-2-build-macosx-x86_64/jdk8u60/4071.nc/hotspot/src/share/vm/prims/jni.cpp, line 709]
Event: 1.390 Thread 0x00007fe793802800 Exception <a 'java/io/FileNotFoundException'> (0x000000012ec192d0) thrown at [/Users/java_re/workspace/8-2-build-macosx-x86_64/jdk8u60/4071.nc/hotspot/src/share/vm/prims/jni.cpp, line 709]

Events (10 events):
Event: 1.546 loading class sun/awt/SunToolkit$ModalityListenerList
Event: 1.546 loading class sun/awt/ModalityListener
Event: 1.546 loading class sun/awt/ModalityListener done
Event: 1.546 loading class sun/awt/SunToolkit$ModalityListenerList done
Event: 1.546 loading class sun/awt/HeadlessToolkit
Event: 1.546 loading class sun/awt/HeadlessToolkit done
Event: 1.546 loading class sun/font/CFontManager$3
Event: 1.546 loading class sun/font/CFontManager$3 done
Event: 1.905 loading class sun/font/CFont
Event: 1.905 loading class sun/font/CFont done


Dynamic libraries:
0x0000000007028000 	/System/Library/Frameworks/Cocoa.framework/Versions/A/Cocoa
0x0000000007028000 	/System/Library/Frameworks/Security.framework/Versions/A/Security
0x0000000007028000 	/System/Library/Frameworks/ApplicationServices.framework/Versions/A/ApplicationServices
0x0000000007028000 	/usr/lib/libz.1.dylib
0x0000000007028000 	/usr/lib/libSystem.B.dylib
0x0000000007028000 	/usr/lib/libobjc.A.dylib
0x0000000007028000 	/System/Library/Frameworks/CoreFoundation.framework/Versions/A/CoreFoundation
0x0000000007028000 	/System/Library/Frameworks/Foundation.framework/Versions/C/Foundation
0x0000000007028000 	/System/Library/Frameworks/AppKit.framework/Versions/C/AppKit
0x0000000007028000 	/System/Library/Frameworks/CoreData.framework/Versions/A/CoreData
0x0000000007028000 	/System/Library/PrivateFrameworks/RemoteViewServices.framework/Versions/A/RemoteViewServices
0x0000000007028000 	/System/Library/PrivateFrameworks/UIFoundation.framework/Versions/A/UIFoundation
0x0000000007028000 	/System/Library/Frameworks/IOSurface.framework/Versions/A/IOSurface
0x0000000007028000 	/System/Library/Frameworks/AudioToolbox.framework/Versions/A/AudioToolbox
0x0000000007028000 	/System/Library/Frameworks/AudioUnit.framework/Versions/A/AudioUnit
0x0000000007028000 	/System/Library/PrivateFrameworks/DataDetectorsCore.framework/Versions/A/DataDetectorsCore
0x0000000007028000 	/System/Library/PrivateFrameworks/DesktopServicesPriv.framework/Versions/A/DesktopServicesPriv
0x0000000007028000 	/System/Library/Frameworks/Carbon.framework/Versions/A/Frameworks/HIToolbox.framework/Versions/A/HIToolbox
0x0000000007028000 	/System/Library/Frameworks/QuartzCore.framework/Versions/A/QuartzCore
0x0000000007028000 	/System/Library/Frameworks/Carbon.framework/Versions/A/Frameworks/SpeechRecognition.framework/Versions/A/SpeechRecognition
0x0000000007028000 	/usr/lib/libauto.dylib
0x0000000007028000 	/usr/lib/libicucore.A.dylib
0x0000000007028000 	/usr/lib/libxml2.2.dylib
0x0000000007028000 	/System/Library/PrivateFrameworks/CoreUI.framework/Versions/A/CoreUI
0x0000000007028000 	/System/Library/Frameworks/CoreAudio.framework/Versions/A/CoreAudio
0x0000000007028000 	/System/Library/Frameworks/DiskArbitration.framework/Versions/A/DiskArbitration
0x0000000007028000 	/usr/lib/liblangid.dylib
0x0000000007028000 	/System/Library/PrivateFrameworks/MultitouchSupport.framework/Versions/A/MultitouchSupport
0x0000000007028000 	/System/Library/Frameworks/IOKit.framework/Versions/A/IOKit
0x0000000007028000 	/usr/lib/libDiagnosticMessagesClient.dylib
0x0000000007028000 	/System/Library/Frameworks/CoreServices.framework/Versions/A/CoreServices
0x0000000007028000 	/System/Library/PrivateFrameworks/PerformanceAnalysis.framework/Versions/A/PerformanceAnalysis
0x0000000007028000 	/System/Library/PrivateFrameworks/GenerationalStorage.framework/Versions/A/GenerationalStorage
0x0000000007028000 	/System/Library/Frameworks/OpenGL.framework/Versions/A/OpenGL
0x0000000007028000 	/System/Library/PrivateFrameworks/Sharing.framework/Versions/A/Sharing
0x0000000007028000 	/System/Library/Frameworks/CoreGraphics.framework/Versions/A/CoreGraphics
0x0000000007028000 	/System/Library/Frameworks/CoreText.framework/Versions/A/CoreText
0x0000000007028000 	/System/Library/Frameworks/ImageIO.framework/Versions/A/ImageIO
0x0000000007028000 	/usr/lib/libextension.dylib
0x0000000007028000 	/System/Library/PrivateFrameworks/Backup.framework/Versions/A/Backup
0x0000000007028000 	/usr/lib/libarchive.2.dylib
0x0000000007028000 	/System/Library/Frameworks/CFNetwork.framework/Versions/A/CFNetwork
0x0000000007028000 	/System/Library/Frameworks/SystemConfiguration.framework/Versions/A/SystemConfiguration
0x0000000007028000 	/usr/lib/libCRFSuite.dylib
0x0000000007028000 	/usr/lib/libc++.1.dylib
0x0000000007028000 	/usr/lib/libc++abi.dylib
0x0000000007028000 	/usr/lib/system/libcache.dylib
0x0000000007028000 	/usr/lib/system/libcommonCrypto.dylib
0x0000000007028000 	/usr/lib/system/libcompiler_rt.dylib
0x0000000007028000 	/usr/lib/system/libcopyfile.dylib
0x0000000007028000 	/usr/lib/system/libcorecrypto.dylib
0x0000000007028000 	/usr/lib/system/libdispatch.dylib
0x0000000007028000 	/usr/lib/system/libdyld.dylib
0x0000000007028000 	/usr/lib/system/libkeymgr.dylib
0x0000000007028000 	/usr/lib/system/liblaunch.dylib
0x0000000007028000 	/usr/lib/system/libmacho.dylib
0x0000000007028000 	/usr/lib/system/libquarantine.dylib
0x0000000007028000 	/usr/lib/system/libremovefile.dylib
0x0000000007028000 	/usr/lib/system/libsystem_asl.dylib
0x0000000007028000 	/usr/lib/system/libsystem_blocks.dylib
0x0000000007028000 	/usr/lib/system/libsystem_c.dylib
0x0000000007028000 	/usr/lib/system/libsystem_configuration.dylib
0x0000000007028000 	/usr/lib/system/libsystem_coreservices.dylib
0x0000000007028000 	/usr/lib/system/libsystem_coretls.dylib
0x0000000007028000 	/usr/lib/system/libsystem_dnssd.dylib
0x0000000007028000 	/usr/lib/system/libsystem_info.dylib
0x0000000007028000 	/usr/lib/system/libsystem_kernel.dylib
0x0000000007028000 	/usr/lib/system/libsystem_m.dylib
0x0000000007028000 	/usr/lib/system/libsystem_malloc.dylib
0x0000000007028000 	/usr/lib/system/libsystem_network.dylib
0x0000000007028000 	/usr/lib/system/libsystem_networkextension.dylib
0x0000000007028000 	/usr/lib/system/libsystem_notify.dylib
0x0000000007028000 	/usr/lib/system/libsystem_platform.dylib
0x0000000007028000 	/usr/lib/system/libsystem_pthread.dylib
0x0000000007028000 	/usr/lib/system/libsystem_sandbox.dylib
0x0000000007028000 	/usr/lib/system/libsystem_secinit.dylib
0x0000000007028000 	/usr/lib/system/libsystem_stats.dylib
0x0000000007028000 	/usr/lib/system/libsystem_trace.dylib
0x0000000007028000 	/usr/lib/system/libunc.dylib
0x0000000007028000 	/usr/lib/system/libunwind.dylib
0x0000000007028000 	/usr/lib/system/libxpc.dylib
0x0000000007028000 	/usr/lib/libbz2.1.0.dylib
0x0000000007028000 	/usr/lib/liblzma.5.dylib
0x0000000007028000 	/usr/lib/libbsm.0.dylib
0x0000000007028000 	/usr/lib/libsqlite3.dylib
0x0000000007028000 	/usr/lib/system/libkxld.dylib
0x0000000007028000 	/usr/lib/libxar.1.dylib
0x0000000007028000 	/usr/lib/libpam.2.dylib
0x0000000007028000 	/usr/lib/libOpenScriptingUtil.dylib
0x0000000007028000 	/System/Library/Frameworks/CoreServices.framework/Versions/A/Frameworks/FSEvents.framework/Versions/A/FSEvents
0x0000000007028000 	/System/Library/Frameworks/CoreServices.framework/Versions/A/Frameworks/CarbonCore.framework/Versions/A/CarbonCore
0x0000000007028000 	/System/Library/Frameworks/CoreServices.framework/Versions/A/Frameworks/Metadata.framework/Versions/A/Metadata
0x0000000007028000 	/System/Library/Frameworks/CoreServices.framework/Versions/A/Frameworks/OSServices.framework/Versions/A/OSServices
0x0000000007028000 	/System/Library/Frameworks/CoreServices.framework/Versions/A/Frameworks/SearchKit.framework/Versions/A/SearchKit
0x0000000007028000 	/System/Library/Frameworks/CoreServices.framework/Versions/A/Frameworks/AE.framework/Versions/A/AE
0x0000000007028000 	/System/Library/Frameworks/CoreServices.framework/Versions/A/Frameworks/LaunchServices.framework/Versions/A/LaunchServices
0x0000000007028000 	/System/Library/Frameworks/CoreServices.framework/Versions/A/Frameworks/DictionaryServices.framework/Versions/A/DictionaryServices
0x0000000007028000 	/System/Library/Frameworks/NetFS.framework/Versions/A/NetFS
0x0000000007028000 	/System/Library/PrivateFrameworks/NetAuth.framework/Versions/A/NetAuth
0x0000000007028000 	/System/Library/PrivateFrameworks/login.framework/Versions/A/Frameworks/loginsupport.framework/Versions/A/loginsupport
0x0000000007028000 	/System/Library/PrivateFrameworks/TCC.framework/Versions/A/TCC
0x0000000007028000 	/usr/lib/libmecabra.dylib
0x0000000007028000 	/System/Library/Frameworks/ApplicationServices.framework/Versions/A/Frameworks/ATS.framework/Versions/A/ATS
0x0000000007028000 	/System/Library/Frameworks/ApplicationServices.framework/Versions/A/Frameworks/ColorSync.framework/Versions/A/ColorSync
0x0000000007028000 	/System/Library/Frameworks/ApplicationServices.framework/Versions/A/Frameworks/HIServices.framework/Versions/A/HIServices
0x0000000007028000 	/System/Library/Frameworks/ApplicationServices.framework/Versions/A/Frameworks/LangAnalysis.framework/Versions/A/LangAnalysis
0x0000000007028000 	/System/Library/Frameworks/ApplicationServices.framework/Versions/A/Frameworks/PrintCore.framework/Versions/A/PrintCore
0x0000000007028000 	/System/Library/Frameworks/ApplicationServices.framework/Versions/A/Frameworks/QD.framework/Versions/A/QD
0x0000000007028000 	/System/Library/Frameworks/ApplicationServices.framework/Versions/A/Frameworks/SpeechSynthesis.framework/Versions/A/SpeechSynthesis
0x0000000007028000 	/System/Library/Frameworks/Accelerate.framework/Versions/A/Accelerate
0x0000000007028000 	/System/Library/Frameworks/Accelerate.framework/Versions/A/Frameworks/vImage.framework/Versions/A/vImage
0x0000000007028000 	/System/Library/Frameworks/Accelerate.framework/Versions/A/Frameworks/vecLib.framework/Versions/A/vecLib
0x0000000007028000 	/System/Library/Frameworks/Accelerate.framework/Versions/A/Frameworks/vecLib.framework/Versions/A/libvDSP.dylib
0x0000000007028000 	/System/Library/Frameworks/Accelerate.framework/Versions/A/Frameworks/vecLib.framework/Versions/A/libvMisc.dylib
0x0000000007028000 	/System/Library/Frameworks/Accelerate.framework/Versions/A/Frameworks/vecLib.framework/Versions/A/libLAPACK.dylib
0x0000000007028000 	/System/Library/Frameworks/Accelerate.framework/Versions/A/Frameworks/vecLib.framework/Versions/A/libBLAS.dylib
0x0000000007028000 	/System/Library/Frameworks/Accelerate.framework/Versions/A/Frameworks/vecLib.framework/Versions/A/libLinearAlgebra.dylib
0x0000000007028000 	/System/Library/Frameworks/ApplicationServices.framework/Versions/A/Frameworks/ATS.framework/Versions/A/Resources/libFontParser.dylib
0x0000000007028000 	/System/Library/Frameworks/ApplicationServices.framework/Versions/A/Frameworks/ATS.framework/Versions/A/Resources/libFontRegistry.dylib
0x0000000007028000 	/System/Library/PrivateFrameworks/AppleVPA.framework/Versions/A/AppleVPA
0x0000000007028000 	/System/Library/PrivateFrameworks/AppleJPEG.framework/Versions/A/AppleJPEG
0x0000000007028000 	/System/Library/Frameworks/ImageIO.framework/Versions/A/Resources/libJPEG.dylib
0x0000000007028000 	/System/Library/Frameworks/ImageIO.framework/Versions/A/Resources/libTIFF.dylib
0x0000000007028000 	/System/Library/Frameworks/ImageIO.framework/Versions/A/Resources/libPng.dylib
0x0000000007028000 	/System/Library/Frameworks/ImageIO.framework/Versions/A/Resources/libGIF.dylib
0x0000000007028000 	/System/Library/Frameworks/ImageIO.framework/Versions/A/Resources/libJP2.dylib
0x0000000007028000 	/System/Library/Frameworks/ImageIO.framework/Versions/A/Resources/libRadiance.dylib
0x0000000007028000 	/System/Library/Frameworks/CoreVideo.framework/Versions/A/CoreVideo
0x0000000007028000 	/System/Library/Frameworks/OpenGL.framework/Versions/A/Libraries/libGLU.dylib
0x0000000007028000 	/System/Library/Frameworks/OpenGL.framework/Versions/A/Libraries/libGFXShared.dylib
0x0000000007028000 	/System/Library/Frameworks/OpenGL.framework/Versions/A/Libraries/libGL.dylib
0x0000000007028000 	/System/Library/Frameworks/OpenGL.framework/Versions/A/Libraries/libGLImage.dylib
0x0000000007028000 	/System/Library/Frameworks/OpenGL.framework/Versions/A/Libraries/libCVMSPluginSupport.dylib
0x0000000007028000 	/System/Library/Frameworks/OpenGL.framework/Versions/A/Libraries/libCoreVMClient.dylib
0x0000000007028000 	/usr/lib/libcups.2.dylib
0x0000000007028000 	/System/Library/Frameworks/Kerberos.framework/Versions/A/Kerberos
0x0000000007028000 	/System/Library/Frameworks/GSS.framework/Versions/A/GSS
0x0000000007028000 	/usr/lib/libresolv.9.dylib
0x0000000007028000 	/usr/lib/libiconv.2.dylib
0x0000000007028000 	/System/Library/PrivateFrameworks/Heimdal.framework/Versions/A/Heimdal
0x0000000007028000 	/usr/lib/libheimdal-asn1.dylib
0x0000000007028000 	/System/Library/Frameworks/OpenDirectory.framework/Versions/A/OpenDirectory
0x0000000007028000 	/System/Library/PrivateFrameworks/CommonAuth.framework/Versions/A/CommonAuth
0x0000000007028000 	/System/Library/Frameworks/OpenDirectory.framework/Versions/A/Frameworks/CFOpenDirectory.framework/Versions/A/CFOpenDirectory
0x0000000007028000 	/System/Library/Frameworks/SecurityFoundation.framework/Versions/A/SecurityFoundation
0x0000000007028000 	/System/Library/PrivateFrameworks/LanguageModeling.framework/Versions/A/LanguageModeling
0x0000000007028000 	/usr/lib/libcmph.dylib
0x0000000007028000 	/System/Library/Frameworks/ServiceManagement.framework/Versions/A/ServiceManagement
0x0000000007028000 	/usr/lib/libxslt.1.dylib
0x0000000007028000 	/System/Library/Frameworks/Carbon.framework/Versions/A/Frameworks/Ink.framework/Versions/A/Ink
0x0000000007028000 	/System/Library/Frameworks/QuartzCore.framework/Versions/A/Frameworks/CoreImage.framework/Versions/A/CoreImage
0x0000000007028000 	/System/Library/PrivateFrameworks/CrashReporterSupport.framework/Versions/A/CrashReporterSupport
0x0000000007028000 	/System/Library/Frameworks/OpenCL.framework/Versions/A/OpenCL
0x0000000007028000 	/System/Library/PrivateFrameworks/FaceCore.framework/Versions/A/FaceCore
0x0000000007028000 	/System/Library/PrivateFrameworks/Ubiquity.framework/Versions/A/Ubiquity
0x0000000007028000 	/System/Library/PrivateFrameworks/IconServices.framework/Versions/A/IconServices
0x0000000007028000 	/System/Library/PrivateFrameworks/ChunkingLibrary.framework/Versions/A/ChunkingLibrary
0x0000000007028000 	/System/Library/PrivateFrameworks/Apple80211.framework/Versions/A/Apple80211
0x0000000007028000 	/System/Library/Frameworks/CoreWLAN.framework/Versions/A/CoreWLAN
0x0000000007028000 	/System/Library/Frameworks/IOBluetooth.framework/Versions/A/IOBluetooth
0x0000000007028000 	/System/Library/PrivateFrameworks/CoreWiFi.framework/Versions/A/CoreWiFi
0x0000000007028000 	/System/Library/Frameworks/CoreBluetooth.framework/Versions/A/CoreBluetooth
0x0000000007028000 	/System/Library/PrivateFrameworks/DebugSymbols.framework/Versions/A/DebugSymbols
0x0000000007028000 	/System/Library/PrivateFrameworks/CoreSymbolication.framework/Versions/A/CoreSymbolication
0x0000000007028000 	/System/Library/PrivateFrameworks/Symbolication.framework/Versions/A/Symbolication
0x0000000007028000 	/System/Library/PrivateFrameworks/SpeechRecognitionCore.framework/Versions/A/SpeechRecognitionCore
0x0000000106a00000 	/Library/Java/JavaVirtualMachines/jdk1.8.0_60.jdk/Contents/Home/jre/lib/server/libjvm.dylib
0x0000000007028000 	/usr/lib/libstdc++.6.dylib
0x0000000107a8b000 	/Library/Java/JavaVirtualMachines/jdk1.8.0_60.jdk/Contents/Home/jre/lib/libverify.dylib
0x0000000107a99000 	/Library/Java/JavaVirtualMachines/jdk1.8.0_60.jdk/Contents/Home/jre/lib/libjava.dylib
0x0000000107ad6000 	/Library/Java/JavaVirtualMachines/jdk1.8.0_60.jdk/Contents/Home/jre/lib/libzip.dylib
0x000000017b5d0000 	/System/Library/Frameworks/JavaVM.framework/Frameworks/JavaRuntimeSupport.framework/JavaRuntimeSupport
0x000000017b5e6000 	/System/Library/Frameworks/JavaVM.framework/Versions/A/Frameworks/JavaNativeFoundation.framework/Versions/A/JavaNativeFoundation
0x0000000116ff3000 	/System/Library/Frameworks/JavaVM.framework/Versions/A/JavaVM
0x0000000007028000 	/System/Library/Frameworks/Carbon.framework/Versions/A/Carbon
0x000000017b5fa000 	/System/Library/PrivateFrameworks/JavaLaunching.framework/Versions/A/JavaLaunching
0x0000000007028000 	/System/Library/Frameworks/Carbon.framework/Versions/A/Frameworks/CommonPanels.framework/Versions/A/CommonPanels
0x0000000007028000 	/System/Library/Frameworks/Carbon.framework/Versions/A/Frameworks/Help.framework/Versions/A/Help
0x0000000007028000 	/System/Library/Frameworks/Carbon.framework/Versions/A/Frameworks/ImageCapture.framework/Versions/A/ImageCapture
0x0000000007028000 	/System/Library/Frameworks/Carbon.framework/Versions/A/Frameworks/OpenScripting.framework/Versions/A/OpenScripting
0x0000000007028000 	/System/Library/Frameworks/Carbon.framework/Versions/A/Frameworks/Print.framework/Versions/A/Print
0x0000000007028000 	/System/Library/Frameworks/Carbon.framework/Versions/A/Frameworks/SecurityHI.framework/Versions/A/SecurityHI
0x000000017db6f000 	/Library/Java/JavaVirtualMachines/jdk1.8.0_60.jdk/Contents/Home/jre/lib/libawt.dylib
0x000000017e590000 	/Library/Java/JavaVirtualMachines/jdk1.8.0_60.jdk/Contents/Home/jre/lib/./libmlib_image.dylib
0x000000017e0d5000 	/Library/Java/JavaVirtualMachines/jdk1.8.0_60.jdk/Contents/Home/jre/lib/libawt_lwawt.dylib
0x000000017d776000 	/Library/Java/JavaVirtualMachines/jdk1.8.0_60.jdk/Contents/Home/jre/lib/./libosxapp.dylib
0x0000000007028000 	/System/Library/Frameworks/ExceptionHandling.framework/Versions/A/ExceptionHandling
0x0000000007028000 	/System/Library/PrivateFrameworks/CoreServicesInternal.framework/Versions/A/CoreServicesInternal
0x0000000007028000 	/System/Library/PrivateFrameworks/CloudDocs.framework/Versions/A/CloudDocs
0x0000000007028000 	/System/Library/PrivateFrameworks/CoreDuet.framework/Versions/A/CoreDuet
0x0000000007028000 	/System/Library/Frameworks/CloudKit.framework/Versions/A/CloudKit
0x0000000007028000 	/System/Library/PrivateFrameworks/ProtocolBuffer.framework/Versions/A/ProtocolBuffer
0x0000000007028000 	/System/Library/PrivateFrameworks/CoreDuetDaemonProtocol.framework/Versions/A/CoreDuetDaemonProtocol
0x0000000007028000 	/System/Library/PrivateFrameworks/CoreDuetDebugLogging.framework/Versions/A/CoreDuetDebugLogging
0x0000000007028000 	/System/Library/PrivateFrameworks/MMCS.framework/Versions/A/MMCS
0x0000000007028000 	/System/Library/Frameworks/CoreLocation.framework/Versions/A/CoreLocation
0x0000000007028000 	/System/Library/PrivateFrameworks/ProtectedCloudStorage.framework/Versions/A/ProtectedCloudStorage
0x0000000007028000 	/System/Library/PrivateFrameworks/GeoServices.framework/Versions/A/GeoServices
0x0000000007028000 	/System/Library/Frameworks/CoreGraphics.framework/Versions/A/Resources/libCGCMS.A.dylib
0x0000000007028000 	/System/Library/Frameworks/CoreGraphics.framework/Versions/A/Resources/libRIP.A.dylib
0x0000000007028000 	/System/Library/Frameworks/CoreGraphics.framework/Versions/A/Resources/libCGXType.A.dylib
0x0000000007028000 	/System/Library/Frameworks/OpenCL.framework/Versions/A/Libraries/libcldcpuengine.dylib
0x0000000007028000 	/System/Library/PrivateFrameworks/DiskImages.framework/Versions/A/DiskImages
0x0000000007028000 	/System/Library/Frameworks/DiscRecording.framework/Versions/A/DiscRecording
0x0000000007028000 	/usr/lib/libcsfde.dylib
0x0000000007028000 	/usr/lib/libcurl.4.dylib
0x0000000007028000 	/System/Library/PrivateFrameworks/MediaKit.framework/Versions/A/MediaKit
0x0000000007028000 	/usr/lib/libCoreStorage.dylib
0x0000000007028000 	/System/Library/PrivateFrameworks/EFILogin.framework/Versions/A/EFILogin
0x0000000007028000 	/usr/lib/libutil.dylib
0x0000000007028000 	/System/Library/PrivateFrameworks/FindMyDevice.framework/Versions/A/FindMyDevice
0x0000000007028000 	/System/Library/Frameworks/LDAP.framework/Versions/A/LDAP
0x0000000007028000 	/usr/lib/libsasl2.2.dylib
0x0000000007028000 	/System/Library/PrivateFrameworks/CoreDaemon.framework/Versions/B/CoreDaemon
0x0000000007028000 	/usr/lib/libcrypto.0.9.8.dylib
0x0000000007028000 	/System/Library/PrivateFrameworks/AppleSRP.framework/Versions/A/AppleSRP
0x0000000007028000 	/System/Library/PrivateFrameworks/TrustEvaluationAgent.framework/Versions/A/TrustEvaluationAgent
0x000000017df55000 	cl_kernels
0x0000000182010000 	/System/Library/Frameworks/OpenCL.framework/Versions/A/Libraries/ImageFormats/unorm8_bgra.dylib
0x000000017e18c000 	cl_kernels
0x0000000007028000 	/System/Library/PrivateFrameworks/FamilyControls.framework/Versions/A/FamilyControls
0x0000000007028000 	/System/Library/PrivateFrameworks/CommerceKit.framework/Versions/A/Frameworks/CommerceCore.framework/Versions/A/CommerceCore
0x0000000007028000 	/System/Library/PrivateFrameworks/SystemAdministration.framework/Versions/A/SystemAdministration
0x0000000007028000 	/System/Library/PrivateFrameworks/AppContainer.framework/Versions/A/AppContainer
0x0000000007028000 	/System/Library/PrivateFrameworks/SecCodeWrapper.framework/Versions/A/SecCodeWrapper
0x0000000007028000 	/System/Library/Frameworks/DirectoryService.framework/Versions/A/DirectoryService
0x0000000007028000 	/System/Library/PrivateFrameworks/LoginUIKit.framework/Versions/A/Frameworks/LoginUICore.framework/Versions/A/LoginUICore
0x0000000007028000 	/usr/lib/libodfde.dylib
0x0000000007028000 	/System/Library/Frameworks/OpenGL.framework/Versions/A/Resources/GLEngine.bundle/GLEngine
0x0000000007028000 	/System/Library/Frameworks/OpenGL.framework/Versions/A/Libraries/libGLProgrammability.dylib
0x00000001833c1000 	/System/Library/Extensions/AppleIntelHD3000GraphicsGLDriver.bundle/Contents/MacOS/AppleIntelHD3000GraphicsGLDriver
0x0000000183842000 	/System/Library/PrivateFrameworks/GPUSupport.framework/Versions/A/Libraries/libGPUSupport.dylib
0x0000000183856000 	/System/Library/Extensions/AMDRadeonX3000GLDriver.bundle/Contents/MacOS/AMDRadeonX3000GLDriver
0x0000000007028000 	/System/Library/PrivateFrameworks/IOAccelerator.framework/Versions/A/IOAccelerator
0x0000000007028000 	/System/Library/PrivateFrameworks/GPUSupport.framework/Versions/A/Libraries/libGPUSupportMercury.dylib
0x0000000007028000 	/System/Library/Frameworks/OpenGL.framework/Versions/A/Resources/GLRendererFloat.bundle/GLRendererFloat
0x0000000183d0b000 	/Library/Java/JavaVirtualMachines/jdk1.8.0_60.jdk/Contents/Home/jre/lib/libfontmanager.dylib
0x000000018403f000 	/Library/Java/JavaVirtualMachines/jdk1.8.0_60.jdk/Contents/Home/jre/lib/libnet.dylib
0x0000000183f86000 	/Library/Java/JavaVirtualMachines/jdk1.8.0_60.jdk/Contents/Home/jre/lib/libnio.dylib
0x0000000007028000 	/System/Library/Frameworks/ApplicationServices.framework/Versions/A/Frameworks/ATS.framework/Versions/A/Resources/libTrueTypeScaler.dylib

VM Arguments:
jvm_args: -Xms128m -Xmx512m -Djava.awt.headless=true -Djava.io.tmpdir=/tmp 
java_command: edu.wpi.secrets.Secrets$Console /tmp/Shelter4
java_class_path (initial): /Users/rich/java/collagen:/Users/rich/java/collagen/../util/java:/Users/rich/java/collagen/../dtalk/build:/Users/rich/java/collagen/../dhelp/java:/Users/rich/workspace/melvinCollagen/java:bin/../../../task/bin/../class:bin/../../../task/bin/../../disco/class:bin/../../../task/bin/../lib/msv-rng.jar:bin/../../../task/bin/../../examples/secrets/class:bin/../../../task/bin/../../examples/secrets/golden_0_2_3.jar
Launcher Type: SUN_STANDARD

Environment Variables:
CLASSPATH=/Users/rich/java/collagen:/Users/rich/java/collagen/../util/java:/Users/rich/java/collagen/../dtalk/build:/Users/rich/java/collagen/../dhelp/java:/Users/rich/workspace/melvinCollagen/java
PATH=/Applications/Racket v5.3.6/bin:/opt/subversion/bin:/opt/local/bin:/opt/local/sbin:/opt/subversion/bin:/usr/local/bin:/usr/bin:/bin:/usr/sbin:/sbin:/usr/local/git/bin:/usr/texbin:/Users/rich/engines/darkstar-0.9.8/sgs-server-dist-0.9.8:/Users/rich/GitHub/Disco/disco/bin:/Users/rich/GitHub/always/core/agent/bin
SHELL=/bin/bash

Signal Handlers:
SIGSEGV: [libjvm.dylib+0x5a5bf1], sa_mask[0]=11111111011111110111111111111111, sa_flags=SA_ONSTACK|SA_RESTART|SA_SIGINFO
SIGBUS: [libjvm.dylib+0x5a5bf1], sa_mask[0]=11111111011111110111111111111111, sa_flags=SA_RESTART|SA_SIGINFO
SIGFPE: [libjvm.dylib+0x47f988], sa_mask[0]=11111111011111110111111111111111, sa_flags=SA_RESTART|SA_SIGINFO
SIGPIPE: [libjvm.dylib+0x47f988], sa_mask[0]=11111111011111110111111111111111, sa_flags=SA_RESTART|SA_SIGINFO
SIGXFSZ: [libjvm.dylib+0x47f988], sa_mask[0]=11111111011111110111111111111111, sa_flags=SA_RESTART|SA_SIGINFO
SIGILL: [libjvm.dylib+0x47f988], sa_mask[0]=11111111011111110111111111111111, sa_flags=SA_RESTART|SA_SIGINFO
SIGUSR1: SIG_DFL, sa_mask[0]=11011111011111100000000111000110, sa_flags=none
SIGUSR2: [libjvm.dylib+0x47f4a6], sa_mask[0]=00000000000000000000000000000000, sa_flags=SA_RESTART|SA_SIGINFO
SIGHUP: [libjvm.dylib+0x47da7d], sa_mask[0]=11111111011111110111111111111111, sa_flags=SA_RESTART|SA_SIGINFO
SIGINT: [libjvm.dylib+0x47da7d], sa_mask[0]=11111111011111110111111111111111, sa_flags=SA_RESTART|SA_SIGINFO
SIGTERM: [libjvm.dylib+0x47da7d], sa_mask[0]=11111111011111110111111111111111, sa_flags=SA_RESTART|SA_SIGINFO
SIGQUIT: [libjvm.dylib+0x47da7d], sa_mask[0]=11111111011111110111111111111111, sa_flags=SA_RESTART|SA_SIGINFO


---------------  S Y S T E M  ---------------

OS:Bsduname:Darwin 14.5.0 Darwin Kernel Version 14.5.0: Tue Sep  1 21:23:09 PDT 2015; root:xnu-2782.50.1~1/RELEASE_X86_64 x86_64
rlimit: STACK 8192k, CORE 0k, NPROC 709, NOFILE 10240, AS infinity
load average:3.47 2.64 2.27

CPU:total 8 (4 cores per cpu, 2 threads per core) family 6 model 42 stepping 7, cmov, cx8, fxsr, mmx, sse, sse2, sse3, ssse3, sse4.1, sse4.2, popcnt, avx, aes, clmul, ht, tsc, tscinvbit

Memory: 4k page, physical 8388608k(191868k free)

/proc/meminfo:


vm_info: Java HotSpot(TM) 64-Bit Server VM (25.60-b21) for bsd-amd64 JRE (1.8.0_60-ea-b21), built on Jun 23 2015 18:41:40 by "java_re" with gcc 4.2.1 (Based on Apple Inc. build 5658) (LLVM build 2336.11.00)

time: Thu Dec  3 19:44:10 2015
elapsed time: 2 seconds (0d 0h 0m 2s)

